<?xml version="1.0" encoding="UTF-8"?>
<!-- Generated by org.testng.reporters.JUnitReportReporter -->
<testsuite hostname="LAPTOP-72CGLFOI" failures="0" tests="1" name="ctsNaukriProject.Runner.ctsNaukriProjectRunner3" time="50.302" errors="0" timestamp="2020-04-13T09:01:40 IST" skipped="0">
  <testcase classname="ctsNaukriProject.Runner.ctsNaukriProjectRunner3" name="login" time="50.302"/>
  <system-out/>
</testsuite> <!-- ctsNaukriProject.Runner.ctsNaukriProjectRunner3 -->
