<?xml version="1.0" encoding="UTF-8"?>
<!-- Generated by org.testng.reporters.JUnitReportReporter -->
<testsuite hostname="LAPTOP-72CGLFOI" failures="0" tests="1" name="ctsNaukriProject.Runner.ctsNaukriProjectRunner" time="93.495" errors="0" timestamp="2020-04-13T09:01:40 IST" skipped="0">
  <testcase classname="ctsNaukriProject.Runner.ctsNaukriProjectRunner" name="login" time="93.495"/>
  <system-out/>
</testsuite> <!-- ctsNaukriProject.Runner.ctsNaukriProjectRunner -->
